[debug] [2024-11-07T05:02:25.676Z] ----------------------------------------------------------------------
[debug] [2024-11-07T05:02:25.679Z] Command:       C:\Program Files\nodejs\node.exe C:\Users\rohit\AppData\Roaming\npm\node_modules\firebase-tools\lib\bin\firebase.js init
[debug] [2024-11-07T05:02:25.679Z] CLI Version:   13.24.1
[debug] [2024-11-07T05:02:25.680Z] Platform:      win32
[debug] [2024-11-07T05:02:25.680Z] Node Version:  v20.17.0
[debug] [2024-11-07T05:02:25.680Z] Time:          Thu Nov 07 2024 10:32:25 GMT+0530 (India Standard Time)
[debug] [2024-11-07T05:02:25.680Z] ----------------------------------------------------------------------
[debug] 
[debug] [2024-11-07T05:02:25.686Z] > command requires scopes: ["email","openid","https://www.googleapis.com/auth/cloudplatformprojects.readonly","https://www.googleapis.com/auth/firebase","https://www.googleapis.com/auth/cloud-platform"]
[debug] [2024-11-07T05:02:25.686Z] > authorizing via signed-in user (agarwalrohit813205@gmail.com)
[info] 
     ######## #### ########  ######## ########     ###     ######  ########
     ##        ##  ##     ## ##       ##     ##  ##   ##  ##       ##
     ######    ##  ########  ######   ########  #########  ######  ######
     ##        ##  ##    ##  ##       ##     ## ##     ##       ## ##
     ##       #### ##     ## ######## ########  ##     ##  ######  ########

You're about to initialize a Firebase project in this directory:

  R:\bokking\travelBookingApp

[info] 
=== Project Setup
[info] 
[info] First, let's associate this project directory with a Firebase project.
[info] You can create multiple project aliases by running firebase use --add, 
[info] but for now we'll just set up a default project.
[info] 
[info] i  If you want to create a project in a Google Cloud organization or folder, please use "firebase projects:create" instead, and return to this command when you've created the project. 
[debug] [2024-11-07T05:03:32.367Z] Checked if tokens are valid: true, expires at: 1730959132540
[debug] [2024-11-07T05:03:32.367Z] Checked if tokens are valid: true, expires at: 1730959132540
[debug] [2024-11-07T05:03:32.369Z] >>> [apiv2][query] POST https://cloudresourcemanager.googleapis.com/v1/projects [none]
[debug] [2024-11-07T05:03:32.369Z] >>> [apiv2][body] POST https://cloudresourcemanager.googleapis.com/v1/projects {"projectId":"TravelB","name":"TravelB"}
[debug] [2024-11-07T05:03:34.286Z] <<< [apiv2][status] POST https://cloudresourcemanager.googleapis.com/v1/projects 400
[debug] [2024-11-07T05:03:34.286Z] <<< [apiv2][body] POST https://cloudresourcemanager.googleapis.com/v1/projects {"error":{"code":400,"message":"field [project_id] has issue [project_id contains invalid characters]","status":"INVALID_ARGUMENT","details":[{"@type":"type.googleapis.com/google.rpc.BadRequest","fieldViolations":[{"field":"project_id","description":"project_id contains invalid characters"}]},{"@type":"type.googleapis.com/google.rpc.Help","links":[{"url":"https://cloud.google.com/resource-manager/reference/rest/v1/projects"}]}]}}
[debug] [2024-11-07T05:03:34.604Z] FirebaseError: Request to https://cloudresourcemanager.googleapis.com/v1/projects had HTTP Error: 400, field [project_id] has issue [project_id contains invalid characters]
    at responseToError (C:\Users\rohit\AppData\Roaming\npm\node_modules\firebase-tools\lib\responseToError.js:52:12)
    at RetryOperation._fn (C:\Users\rohit\AppData\Roaming\npm\node_modules\firebase-tools\lib\apiv2.js:312:77)
    at process.processTicksAndRejections (node:internal/process/task_queues:95:5)
[error] 
[error] Error: Failed to create project. See firebase-debug.log for more info.
[debug] [2024-11-07T05:04:25.337Z] ----------------------------------------------------------------------
[debug] [2024-11-07T05:04:25.339Z] Command:       C:\Program Files\nodejs\node.exe C:\Users\rohit\AppData\Roaming\npm\node_modules\firebase-tools\lib\bin\firebase.js init
[debug] [2024-11-07T05:04:25.340Z] CLI Version:   13.24.1
[debug] [2024-11-07T05:04:25.340Z] Platform:      win32
[debug] [2024-11-07T05:04:25.340Z] Node Version:  v20.17.0
[debug] [2024-11-07T05:04:25.340Z] Time:          Thu Nov 07 2024 10:34:25 GMT+0530 (India Standard Time)
[debug] [2024-11-07T05:04:25.340Z] ----------------------------------------------------------------------
[debug] 
[debug] [2024-11-07T05:04:25.346Z] > command requires scopes: ["email","openid","https://www.googleapis.com/auth/cloudplatformprojects.readonly","https://www.googleapis.com/auth/firebase","https://www.googleapis.com/auth/cloud-platform"]
[debug] [2024-11-07T05:04:25.346Z] > authorizing via signed-in user (agarwalrohit813205@gmail.com)
[info] 
     ######## #### ########  ######## ########     ###     ######  ########
     ##        ##  ##     ## ##       ##     ##  ##   ##  ##       ##
     ######    ##  ########  ######   ########  #########  ######  ######
     ##        ##  ##    ##  ##       ##     ## ##     ##       ## ##
     ##       #### ##     ## ######## ########  ##     ##  ######  ########

You're about to initialize a Firebase project in this directory:

  R:\bokking\travelBookingApp

[info] 
=== Project Setup
[info] 
[info] First, let's associate this project directory with a Firebase project.
[info] You can create multiple project aliases by running firebase use --add, 
[info] but for now we'll just set up a default project.
[info] 
[info] i  If you want to create a project in a Google Cloud organization or folder, please use "firebase projects:create" instead, and return to this command when you've created the project. 
[debug] [2024-11-07T05:07:18.438Z] Checked if tokens are valid: true, expires at: 1730959132540
[debug] [2024-11-07T05:07:18.438Z] Checked if tokens are valid: true, expires at: 1730959132540
[debug] [2024-11-07T05:07:18.440Z] >>> [apiv2][query] POST https://cloudresourcemanager.googleapis.com/v1/projects [none]
[debug] [2024-11-07T05:07:18.440Z] >>> [apiv2][body] POST https://cloudresourcemanager.googleapis.com/v1/projects {"projectId":"TravelB","name":"TravelB"}
[debug] [2024-11-07T05:07:20.187Z] <<< [apiv2][status] POST https://cloudresourcemanager.googleapis.com/v1/projects 400
[debug] [2024-11-07T05:07:20.187Z] <<< [apiv2][body] POST https://cloudresourcemanager.googleapis.com/v1/projects {"error":{"code":400,"message":"field [project_id] has issue [project_id contains invalid characters]","status":"INVALID_ARGUMENT","details":[{"@type":"type.googleapis.com/google.rpc.BadRequest","fieldViolations":[{"field":"project_id","description":"project_id contains invalid characters"}]},{"@type":"type.googleapis.com/google.rpc.Help","links":[{"url":"https://cloud.google.com/resource-manager/reference/rest/v1/projects"}]}]}}
[debug] [2024-11-07T05:07:20.376Z] FirebaseError: Request to https://cloudresourcemanager.googleapis.com/v1/projects had HTTP Error: 400, field [project_id] has issue [project_id contains invalid characters]
    at responseToError (C:\Users\rohit\AppData\Roaming\npm\node_modules\firebase-tools\lib\responseToError.js:52:12)
    at RetryOperation._fn (C:\Users\rohit\AppData\Roaming\npm\node_modules\firebase-tools\lib\apiv2.js:312:77)
    at process.processTicksAndRejections (node:internal/process/task_queues:95:5)
[error] 
[error] Error: Failed to create project. See firebase-debug.log for more info.
[debug] [2024-11-07T05:09:55.817Z] ----------------------------------------------------------------------
[debug] [2024-11-07T05:09:55.820Z] Command:       C:\Program Files\nodejs\node.exe C:\Users\rohit\AppData\Roaming\npm\node_modules\firebase-tools\lib\bin\firebase.js init
[debug] [2024-11-07T05:09:55.820Z] CLI Version:   13.24.1
[debug] [2024-11-07T05:09:55.821Z] Platform:      win32
[debug] [2024-11-07T05:09:55.821Z] Node Version:  v20.17.0
[debug] [2024-11-07T05:09:55.821Z] Time:          Thu Nov 07 2024 10:39:55 GMT+0530 (India Standard Time)
[debug] [2024-11-07T05:09:55.821Z] ----------------------------------------------------------------------
[debug] 
[debug] [2024-11-07T05:09:55.828Z] > command requires scopes: ["email","openid","https://www.googleapis.com/auth/cloudplatformprojects.readonly","https://www.googleapis.com/auth/firebase","https://www.googleapis.com/auth/cloud-platform"]
[debug] [2024-11-07T05:09:55.828Z] > authorizing via signed-in user (agarwalrohit813205@gmail.com)
[info] 
     ######## #### ########  ######## ########     ###     ######  ########
     ##        ##  ##     ## ##       ##     ##  ##   ##  ##       ##
     ######    ##  ########  ######   ########  #########  ######  ######
     ##        ##  ##    ##  ##       ##     ## ##     ##       ## ##
     ##       #### ##     ## ######## ########  ##     ##  ######  ########

You're about to initialize a Firebase project in this directory:

  R:\bokking\travelBookingApp

[info] 
=== Project Setup
[info] 
[info] First, let's associate this project directory with a Firebase project.
[info] You can create multiple project aliases by running firebase use --add, 
[info] but for now we'll just set up a default project.
[info] 
[info] i  If you want to create a project in a Google Cloud organization or folder, please use "firebase projects:create" instead, and return to this command when you've created the project. 
[debug] [2024-11-07T05:10:19.187Z] Checked if tokens are valid: true, expires at: 1730959132540
[debug] [2024-11-07T05:10:19.188Z] Checked if tokens are valid: true, expires at: 1730959132540
[debug] [2024-11-07T05:10:19.189Z] >>> [apiv2][query] POST https://cloudresourcemanager.googleapis.com/v1/projects [none]
[debug] [2024-11-07T05:10:19.189Z] >>> [apiv2][body] POST https://cloudresourcemanager.googleapis.com/v1/projects {"projectId":"TravelB","name":"TravelB"}
[debug] [2024-11-07T05:10:20.872Z] <<< [apiv2][status] POST https://cloudresourcemanager.googleapis.com/v1/projects 400
[debug] [2024-11-07T05:10:20.872Z] <<< [apiv2][body] POST https://cloudresourcemanager.googleapis.com/v1/projects {"error":{"code":400,"message":"field [project_id] has issue [project_id contains invalid characters]","status":"INVALID_ARGUMENT","details":[{"@type":"type.googleapis.com/google.rpc.BadRequest","fieldViolations":[{"field":"project_id","description":"project_id contains invalid characters"}]},{"@type":"type.googleapis.com/google.rpc.Help","links":[{"url":"https://cloud.google.com/resource-manager/reference/rest/v1/projects"}]}]}}
[debug] [2024-11-07T05:10:21.065Z] FirebaseError: Request to https://cloudresourcemanager.googleapis.com/v1/projects had HTTP Error: 400, field [project_id] has issue [project_id contains invalid characters]
    at responseToError (C:\Users\rohit\AppData\Roaming\npm\node_modules\firebase-tools\lib\responseToError.js:52:12)
    at RetryOperation._fn (C:\Users\rohit\AppData\Roaming\npm\node_modules\firebase-tools\lib\apiv2.js:312:77)
    at process.processTicksAndRejections (node:internal/process/task_queues:95:5)
[error] 
[error] Error: Failed to create project. See firebase-debug.log for more info.
[debug] [2024-11-07T05:10:33.614Z] ----------------------------------------------------------------------
[debug] [2024-11-07T05:10:33.617Z] Command:       C:\Program Files\nodejs\node.exe C:\Users\rohit\AppData\Roaming\npm\node_modules\firebase-tools\lib\bin\firebase.js init
[debug] [2024-11-07T05:10:33.617Z] CLI Version:   13.24.1
[debug] [2024-11-07T05:10:33.618Z] Platform:      win32
[debug] [2024-11-07T05:10:33.618Z] Node Version:  v20.17.0
[debug] [2024-11-07T05:10:33.618Z] Time:          Thu Nov 07 2024 10:40:33 GMT+0530 (India Standard Time)
[debug] [2024-11-07T05:10:33.618Z] ----------------------------------------------------------------------
[debug] 
[debug] [2024-11-07T05:10:33.624Z] > command requires scopes: ["email","openid","https://www.googleapis.com/auth/cloudplatformprojects.readonly","https://www.googleapis.com/auth/firebase","https://www.googleapis.com/auth/cloud-platform"]
[debug] [2024-11-07T05:10:33.625Z] > authorizing via signed-in user (agarwalrohit813205@gmail.com)
[info] 
     ######## #### ########  ######## ########     ###     ######  ########
     ##        ##  ##     ## ##       ##     ##  ##   ##  ##       ##
     ######    ##  ########  ######   ########  #########  ######  ######
     ##        ##  ##    ##  ##       ##     ## ##     ##       ## ##
     ##       #### ##     ## ######## ########  ##     ##  ######  ########

You're about to initialize a Firebase project in this directory:

  R:\bokking\travelBookingApp

[info] 
=== Project Setup
[info] 
[info] First, let's associate this project directory with a Firebase project.
[info] You can create multiple project aliases by running firebase use --add, 
[info] but for now we'll just set up a default project.
[info] 
[debug] [2024-11-07T05:10:50.628Z] ----------------------------------------------------------------------
[debug] [2024-11-07T05:10:50.631Z] Command:       C:\Program Files\nodejs\node.exe C:\Users\rohit\AppData\Roaming\npm\node_modules\firebase-tools\lib\bin\firebase.js init
[debug] [2024-11-07T05:10:50.631Z] CLI Version:   13.24.1
[debug] [2024-11-07T05:10:50.631Z] Platform:      win32
[debug] [2024-11-07T05:10:50.632Z] Node Version:  v20.17.0
[debug] [2024-11-07T05:10:50.632Z] Time:          Thu Nov 07 2024 10:40:50 GMT+0530 (India Standard Time)
[debug] [2024-11-07T05:10:50.632Z] ----------------------------------------------------------------------
[debug] 
[debug] [2024-11-07T05:10:50.638Z] > command requires scopes: ["email","openid","https://www.googleapis.com/auth/cloudplatformprojects.readonly","https://www.googleapis.com/auth/firebase","https://www.googleapis.com/auth/cloud-platform"]
[debug] [2024-11-07T05:10:50.638Z] > authorizing via signed-in user (agarwalrohit813205@gmail.com)
[info] 
     ######## #### ########  ######## ########     ###     ######  ########
     ##        ##  ##     ## ##       ##     ##  ##   ##  ##       ##
     ######    ##  ########  ######   ########  #########  ######  ######
     ##        ##  ##    ##  ##       ##     ## ##     ##       ## ##
     ##       #### ##     ## ######## ########  ##     ##  ######  ########

You're about to initialize a Firebase project in this directory:

  R:\bokking\travelBookingApp

[info] 
=== Project Setup
[info] 
[info] First, let's associate this project directory with a Firebase project.
[info] You can create multiple project aliases by running firebase use --add, 
[info] but for now we'll just set up a default project.
[info] 
[debug] [2024-11-07T05:10:59.610Z] Checked if tokens are valid: true, expires at: 1730959132540
[debug] [2024-11-07T05:10:59.611Z] Checked if tokens are valid: true, expires at: 1730959132540
[debug] [2024-11-07T05:10:59.612Z] >>> [apiv2][query] GET https://firebase.googleapis.com/v1beta1/projects pageSize=100
[debug] [2024-11-07T05:11:00.760Z] <<< [apiv2][status] GET https://firebase.googleapis.com/v1beta1/projects 200
[debug] [2024-11-07T05:11:00.760Z] <<< [apiv2][body] GET https://firebase.googleapis.com/v1beta1/projects [omitted]
[info] i  Using project travelb-6e9ea (TravelB) 
[info] 
=== Hosting Setup
[debug] [2024-11-07T05:11:08.360Z] Checked if tokens are valid: true, expires at: 1730959132540
[debug] [2024-11-07T05:11:08.360Z] Checked if tokens are valid: true, expires at: 1730959132540
[debug] [2024-11-07T05:11:08.361Z] >>> [apiv2][query] GET https://firebase.googleapis.com/v1beta1/projects/travelb-6e9ea [none]
[debug] [2024-11-07T05:11:08.813Z] <<< [apiv2][status] GET https://firebase.googleapis.com/v1beta1/projects/travelb-6e9ea 200
[debug] [2024-11-07T05:11:08.814Z] <<< [apiv2][body] GET https://firebase.googleapis.com/v1beta1/projects/travelb-6e9ea {"projectId":"travelb-6e9ea","projectNumber":"942540166240","displayName":"TravelB","name":"projects/travelb-6e9ea","resources":{"hostingSite":"travelb-6e9ea"},"state":"ACTIVE","etag":"1_ac755dcb-c3ae-49c9-abfe-24e07dd6a8c3"}
[info] 
[info] Your public directory is the folder (relative to your project directory) that
[info] will contain Hosting assets to be uploaded with firebase deploy. If you
[info] have a build process for your assets, use your build's output directory.
[info] 
[debug] [2024-11-07T05:12:30.504Z] >>> [apiv2][query] GET https://www.gstatic.com/firebasejs/releases.json [none]
[debug] [2024-11-07T05:12:30.665Z] <<< [apiv2][status] GET https://www.gstatic.com/firebasejs/releases.json 200
[debug] [2024-11-07T05:12:30.665Z] <<< [apiv2][body] GET https://www.gstatic.com/firebasejs/releases.json {"current":{"version":"11.0.1","browserURL":"https://www.gstatic.com/firebasejs/11.0.1/firebase.js","packageURL":"https://www.gstatic.com/firebasejs/11.0.1/firebase.tgz"},"live":{"version":"11.0","browserURL":"https://www.gstatic.com/firebasejs/live/11.0/firebase.js","packageURL":"https://www.gstatic.com/firebasejs/live/11.0/firebase.tgz"},"components":{"analytics":"https://www.gstatic.com/firebasejs/11.0.1/firebase-analytics.js","app":"https://www.gstatic.com/firebasejs/11.0.1/firebase-app.js","app-check":"https://www.gstatic.com/firebasejs/11.0.1/firebase-app-check.js","auth":"https://www.gstatic.com/firebasejs/11.0.1/firebase-auth.js","auth/cordova":"https://www.gstatic.com/firebasejs/11.0.1/firebase-auth/cordova.js","auth/web-extension":"https://www.gstatic.com/firebasejs/11.0.1/firebase-auth/web-extension.js","functions":"https://www.gstatic.com/firebasejs/11.0.1/firebase-functions.js","firestore":"https://www.gstatic.com/firebasejs/11.0.1/firebase-firestore.js","firestore/lite":"https://www.gstatic.com/firebasejs/11.0.1/firebase-firestore/lite.js","installations":"https://www.gstatic.com/firebasejs/11.0.1/firebase-installations.js","storage":"https://www.gstatic.com/firebasejs/11.0.1/firebase-storage.js","performance":"https://www.gstatic.com/firebasejs/11.0.1/firebase-performance.js","remote-config":"https://www.gstatic.com/firebasejs/11.0.1/firebase-remote-config.js","messaging":"https://www.gstatic.com/firebasejs/11.0.1/firebase-messaging.js","messaging/sw":"https://www.gstatic.com/firebasejs/11.0.1/firebase-messaging/sw.js","database":"https://www.gstatic.com/firebasejs/11.0.1/firebase-database.js","vertexai":"https://www.gstatic.com/firebasejs/11.0.1/firebase-vertexai.js","data-connect":"https://www.gstatic.com/firebasejs/11.0.1/firebase-data-connect.js","firestore.memory":"https://www.gstatic.com/firebasejs/11.0.1/firebase-firestore.memory.js"}}
[info] +  Wrote public/index.html 
[info] 
[info] i  Detected a .git folder at R:\bokking\travelBookingApp 
[info] i  Authorizing with GitHub to upload your service account to a GitHub repository's secrets store. 
[info] 
[info] Visit this URL on this device to log in:
[info] https://github.com/login/oauth/authorize?client_id=89cf50f02ac6aaed3484&state=636559233&redirect_uri=http%3A%2F%2Flocalhost%3A9005&scope=read%3Auser%20repo%20public_repo
[info] 
[info] Waiting for authentication...
[debug] [2024-11-07T05:12:45.426Z] >>> [apiv2][query] POST https://github.com/login/oauth/access_token [none]
[debug] [2024-11-07T05:12:45.427Z] >>> [apiv2][body] POST https://github.com/login/oauth/access_token [stream]
[debug] [2024-11-07T05:12:45.904Z] <<< [apiv2][status] POST https://github.com/login/oauth/access_token 200
[debug] [2024-11-07T05:12:45.904Z] <<< [apiv2][body] POST https://github.com/login/oauth/access_token {"access_token":"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","token_type":"bearer","scope":"read:user,repo"}
[debug] [2024-11-07T05:12:45.910Z] >>> [apiv2][query] GET https://api.github.com/user [none]
[debug] [2024-11-07T05:12:46.386Z] <<< [apiv2][status] GET https://api.github.com/user 200
[debug] [2024-11-07T05:12:46.386Z] <<< [apiv2][body] GET https://api.github.com/user {"login":"Rohitag122","id":172374900,"node_id":"U_kgDOCkY7dA","avatar_url":"https://avatars.githubusercontent.com/u/172374900?v=4","gravatar_id":"","url":"https://api.github.com/users/Rohitag122","html_url":"https://github.com/Rohitag122","followers_url":"https://api.github.com/users/Rohitag122/followers","following_url":"https://api.github.com/users/Rohitag122/following{/other_user}","gists_url":"https://api.github.com/users/Rohitag122/gists{/gist_id}","starred_url":"https://api.github.com/users/Rohitag122/starred{/owner}{/repo}","subscriptions_url":"https://api.github.com/users/Rohitag122/subscriptions","organizations_url":"https://api.github.com/users/Rohitag122/orgs","repos_url":"https://api.github.com/users/Rohitag122/repos","events_url":"https://api.github.com/users/Rohitag122/events{/privacy}","received_events_url":"https://api.github.com/users/Rohitag122/received_events","type":"User","user_view_type":"private","site_admin":false,"name":null,"company":null,"blog":"","location":null,"email":null,"hireable":null,"bio":null,"twitter_username":null,"notification_email":null,"public_repos":2,"public_gists":0,"followers":0,"following":0,"created_at":"2024-06-11T09:04:19Z","updated_at":"2024-11-06T04:55:40Z","private_gists":0,"total_private_repos":0,"owned_private_repos":0,"disk_usage":1,"collaborators":0,"two_factor_authentication":false,"plan":{"name":"free","space":976562499,"collaborators":0,"private_repos":10000}}
[info] 
[info] +  Success! Logged into GitHub as Rohitag122 
[info] 
